# JRE version: Java(TM) SE Runtime Environment (17.0.10+11) (build 17.0.10+11-LTS-240)
# Java VM: Java HotSpot(TM) 64-Bit Server VM (17.0.10+11-LTS-240, mixed mode, sharing, tiered, compressed oops, compressed class ptrs, parallel gc, windows-amd64)
GC Precious Log:
 CPUs: 8 total, 8 available
 Memory: 3885M
 Large Page Support: Disabled
 NUMA Support: Disabled
 Compressed Oops: Enabled (32-bit)
 Alignments: Space 512K, Generation 512K, Heap 2M
 Heap Min Capacity: 100M
 Heap Initial Capacity: 100M
 Heap Max Capacity: 1G
 Pre-touch: Disabled
 Parallel Workers: 8
Heap:
 PSYoungGen      total 37376K, used 19271K [0x00000000eab00000, 0x00000000edb80000, 0x0000000100000000)
  eden space 26112K, 30% used [0x00000000eab00000,0x00000000eb2dfbd8,0x00000000ec480000)
  from space 11264K, 99% used [0x00000000ec500000,0x00000000ecff2338,0x00000000ed000000)
  to   space 11776K, 0% used [0x00000000ed000000,0x00000000ed000000,0x00000000edb80000)
 ParOldGen       total 176640K, used 120285K [0x00000000c0000000, 0x00000000cac80000, 0x00000000eab00000)
  object space 176640K, 68% used [0x00000000c0000000,0x00000000c7577620,0x00000000cac80000)
 Metaspace       used 63190K, committed 64448K, reserved 1114112K
  class space    used 6556K, committed 7104K, reserved 1048576K
GC Heap History (20 events):
Event: 35.888 GC heap before
{Heap before GC invocations=73 (full 5):
 PSYoungGen      total 36352K, used 36288K [0x00000000eab00000, 0x00000000ed200000, 0x0000000100000000)
  eden space 33792K, 100% used [0x00000000eab00000,0x00000000ecc00000,0x00000000ecc00000)
  from space 2560K, 97% used [0x00000000ecc80000,0x00000000ecef0000,0x00000000ecf00000)
  to   space 3072K, 0% used [0x00000000ecf00000,0x00000000ecf00000,0x00000000ed200000)
 ParOldGen       total 140288K, used 135692K [0x00000000c0000000, 0x00000000c8900000, 0x00000000eab00000)
  object space 140288K, 96% used [0x00000000c0000000,0x00000000c8483270,0x00000000c8900000)
 Metaspace       used 60958K, committed 62208K, reserved 1114112K
  class space    used 6355K, committed 6912K, reserved 1048576K
}
Event: 35.894 GC heap after
{Heap after GC invocations=73 (full 5):
 PSYoungGen      total 35840K, used 3056K [0x00000000eab00000, 0x00000000ed380000, 0x0000000100000000)
  eden space 32768K, 0% used [0x00000000eab00000,0x00000000eab00000,0x00000000ecb00000)
  from space 3072K, 99% used [0x00000000ecf00000,0x00000000ed1fc000,0x00000000ed200000)
  to   space 4096K, 0% used [0x00000000ecb00000,0x00000000ecb00000,0x00000000ecf00000)
 ParOldGen       total 140288K, used 136372K [0x00000000c0000000, 0x00000000c8900000, 0x00000000eab00000)
  object space 140288K, 97% used [0x00000000c0000000,0x00000000c852d270,0x00000000c8900000)
 Metaspace       used 60958K, committed 62208K, reserved 1114112K
  class space    used 6355K, committed 6912K, reserved 1048576K
}
Event: 37.175 GC heap before
{Heap before GC invocations=74 (full 5):
 PSYoungGen      total 35840K, used 35823K [0x00000000eab00000, 0x00000000ed380000, 0x0000000100000000)
  eden space 32768K, 99% used [0x00000000eab00000,0x00000000ecaffff0,0x00000000ecb00000)
  from space 3072K, 99% used [0x00000000ecf00000,0x00000000ed1fc000,0x00000000ed200000)
  to   space 4096K, 0% used [0x00000000ecb00000,0x00000000ecb00000,0x00000000ecf00000)
 ParOldGen       total 140288K, used 136372K [0x00000000c0000000, 0x00000000c8900000, 0x00000000eab00000)
  object space 140288K, 97% used [0x00000000c0000000,0x00000000c852d270,0x00000000c8900000)
 Metaspace       used 62240K, committed 63552K, reserved 1114112K
  class space    used 6491K, committed 7040K, reserved 1048576K
}
Event: 37.182 GC heap after
{Heap after GC invocations=74 (full 5):
 PSYoungGen      total 36352K, used 4091K [0x00000000eab00000, 0x00000000ed480000, 0x0000000100000000)
  eden space 32256K, 0% used [0x00000000eab00000,0x00000000eab00000,0x00000000eca80000)
  from space 4096K, 99% used [0x00000000ecb00000,0x00000000ecefee28,0x00000000ecf00000)
  to   space 5120K, 0% used [0x00000000ecf80000,0x00000000ecf80000,0x00000000ed480000)
 ParOldGen       total 140288K, used 137140K [0x00000000c0000000, 0x00000000c8900000, 0x00000000eab00000)
  object space 140288K, 97% used [0x00000000c0000000,0x00000000c85ed270,0x00000000c8900000)
 Metaspace       used 62240K, committed 63552K, reserved 1114112K
  class space    used 6491K, committed 7040K, reserved 1048576K
}
Event: 38.300 GC heap before
{Heap before GC invocations=75 (full 5):
 PSYoungGen      total 36352K, used 36345K [0x00000000eab00000, 0x00000000ed480000, 0x0000000100000000)
  eden space 32256K, 99% used [0x00000000eab00000,0x00000000eca7f820,0x00000000eca80000)
  from space 4096K, 99% used [0x00000000ecb00000,0x00000000ecefee28,0x00000000ecf00000)
  to   space 5120K, 0% used [0x00000000ecf80000,0x00000000ecf80000,0x00000000ed480000)
 ParOldGen       total 140288K, used 137140K [0x00000000c0000000, 0x00000000c8900000, 0x00000000eab00000)
  object space 140288K, 97% used [0x00000000c0000000,0x00000000c85ed270,0x00000000c8900000)
 Metaspace       used 62516K, committed 63808K, reserved 1114112K
  class space    used 6505K, committed 7040K, reserved 1048576K
}
Event: 38.310 GC heap after
{Heap after GC invocations=75 (full 5):
 PSYoungGen      total 35328K, used 5110K [0x00000000eab00000, 0x00000000ed800000, 0x0000000100000000)
  eden space 30208K, 0% used [0x00000000eab00000,0x00000000eab00000,0x00000000ec880000)
  from space 5120K, 99% used [0x00000000ecf80000,0x00000000ed47d958,0x00000000ed480000)
  to   space 7168K, 0% used [0x00000000ec880000,0x00000000ec880000,0x00000000ecf80000)
 ParOldGen       total 140288K, used 138636K [0x00000000c0000000, 0x00000000c8900000, 0x00000000eab00000)
  object space 140288K, 98% used [0x00000000c0000000,0x00000000c8763318,0x00000000c8900000)
 Metaspace       used 62516K, committed 63808K, reserved 1114112K
  class space    used 6505K, committed 7040K, reserved 1048576K
}
Event: 39.213 GC heap before
{Heap before GC invocations=76 (full 5):
 PSYoungGen      total 35328K, used 35318K [0x00000000eab00000, 0x00000000ed800000, 0x0000000100000000)
  eden space 30208K, 100% used [0x00000000eab00000,0x00000000ec880000,0x00000000ec880000)
  from space 5120K, 99% used [0x00000000ecf80000,0x00000000ed47d958,0x00000000ed480000)
  to   space 7168K, 0% used [0x00000000ec880000,0x00000000ec880000,0x00000000ecf80000)
 ParOldGen       total 140288K, used 138636K [0x00000000c0000000, 0x00000000c8900000, 0x00000000eab00000)
  object space 140288K, 98% used [0x00000000c0000000,0x00000000c8763318,0x00000000c8900000)
 Metaspace       used 62556K, committed 63808K, reserved 1114112K
  class space    used 6506K, committed 7040K, reserved 1048576K
}
Event: 39.256 GC heap after
{Heap after GC invocations=76 (full 5):
 PSYoungGen      total 36352K, used 6510K [0x00000000eab00000, 0x00000000ed500000, 0x0000000100000000)
  eden space 29696K, 0% used [0x00000000eab00000,0x00000000eab00000,0x00000000ec800000)
  from space 6656K, 97% used [0x00000000ec880000,0x00000000ecedb9a8,0x00000000ecf00000)
  to   space 6144K, 0% used [0x00000000ecf00000,0x00000000ecf00000,0x00000000ed500000)
 ParOldGen       total 141824K, used 141545K [0x00000000c0000000, 0x00000000c8a80000, 0x00000000eab00000)
  object space 141824K, 99% used [0x00000000c0000000,0x00000000c8a3a620,0x00000000c8a80000)
 Metaspace       used 62556K, committed 63808K, reserved 1114112K
  class space    used 6506K, committed 7040K, reserved 1048576K
}
Event: 39.256 GC heap before
{Heap before GC invocations=77 (full 6):
 PSYoungGen      total 36352K, used 6510K [0x00000000eab00000, 0x00000000ed500000, 0x0000000100000000)
  eden space 29696K, 0% used [0x00000000eab00000,0x00000000eab00000,0x00000000ec800000)
  from space 6656K, 97% used [0x00000000ec880000,0x00000000ecedb9a8,0x00000000ecf00000)
  to   space 6144K, 0% used [0x00000000ecf00000,0x00000000ecf00000,0x00000000ed500000)
 ParOldGen       total 141824K, used 141545K [0x00000000c0000000, 0x00000000c8a80000, 0x00000000eab00000)
  object space 141824K, 99% used [0x00000000c0000000,0x00000000c8a3a620,0x00000000c8a80000)
 Metaspace       used 62556K, committed 63808K, reserved 1114112K
  class space    used 6506K, committed 7040K, reserved 1048576K
}
Event: 42.233 GC heap after
{Heap after GC invocations=77 (full 6):
 PSYoungGen      total 36352K, used 0K [0x00000000eab00000, 0x00000000ed600000, 0x0000000100000000)
  eden space 30208K, 0% used [0x00000000eab00000,0x00000000eab00000,0x00000000ec880000)
  from space 6144K, 0% used [0x00000000ecf00000,0x00000000ecf00000,0x00000000ed500000)
  to   space 6656K, 0% used [0x00000000ec880000,0x00000000ec880000,0x00000000ecf00000)
 ParOldGen       total 176640K, used 107604K [0x00000000c0000000, 0x00000000cac80000, 0x00000000eab00000)
  object space 176640K, 60% used [0x00000000c0000000,0x00000000c6915248,0x00000000cac80000)
 Metaspace       used 62554K, committed 63808K, reserved 1114112K
  class space    used 6505K, committed 7040K, reserved 1048576K
}
Event: 44.960 GC heap before
{Heap before GC invocations=78 (full 6):
 PSYoungGen      total 36352K, used 30208K [0x00000000eab00000, 0x00000000ed600000, 0x0000000100000000)
  eden space 30208K, 100% used [0x00000000eab00000,0x00000000ec880000,0x00000000ec880000)
  from space 6144K, 0% used [0x00000000ecf00000,0x00000000ecf00000,0x00000000ed500000)
  to   space 6656K, 0% used [0x00000000ec880000,0x00000000ec880000,0x00000000ecf00000)
 ParOldGen       total 176640K, used 107604K [0x00000000c0000000, 0x00000000cac80000, 0x00000000eab00000)
  object space 176640K, 60% used [0x00000000c0000000,0x00000000c6915248,0x00000000cac80000)
 Metaspace       used 62670K, committed 64000K, reserved 1114112K
  class space    used 6516K, committed 7104K, reserved 1048576K
}
Event: 45.077 GC heap after
{Heap after GC invocations=78 (full 6):
 PSYoungGen      total 36864K, used 6345K [0x00000000eab00000, 0x00000000ed680000, 0x0000000100000000)
  eden space 30208K, 0% used [0x00000000eab00000,0x00000000eab00000,0x00000000ec880000)
  from space 6656K, 95% used [0x00000000ec880000,0x00000000eceb2420,0x00000000ecf00000)
  to   space 6656K, 0% used [0x00000000ed000000,0x00000000ed000000,0x00000000ed680000)
 ParOldGen       total 176640K, used 107612K [0x00000000c0000000, 0x00000000cac80000, 0x00000000eab00000)
  object space 176640K, 60% used [0x00000000c0000000,0x00000000c6917248,0x00000000cac80000)
 Metaspace       used 62670K, committed 64000K, reserved 1114112K
  class space    used 6516K, committed 7104K, reserved 1048576K
}
Event: 46.548 GC heap before
{Heap before GC invocations=79 (full 6):
 PSYoungGen      total 36864K, used 36553K [0x00000000eab00000, 0x00000000ed680000, 0x0000000100000000)
  eden space 30208K, 100% used [0x00000000eab00000,0x00000000ec880000,0x00000000ec880000)
  from space 6656K, 95% used [0x00000000ec880000,0x00000000eceb2420,0x00000000ecf00000)
  to   space 6656K, 0% used [0x00000000ed000000,0x00000000ed000000,0x00000000ed680000)
 ParOldGen       total 176640K, used 107612K [0x00000000c0000000, 0x00000000cac80000, 0x00000000eab00000)
  object space 176640K, 60% used [0x00000000c0000000,0x00000000c6917248,0x00000000cac80000)
 Metaspace       used 62701K, committed 64000K, reserved 1114112K
  class space    used 6521K, committed 7104K, reserved 1048576K
}
Event: 46.582 GC heap after
{Heap after GC invocations=79 (full 6):
 PSYoungGen      total 30208K, used 6625K [0x00000000eab00000, 0x00000000ee580000, 0x0000000100000000)
  eden space 23552K, 0% used [0x00000000eab00000,0x00000000eab00000,0x00000000ec200000)
  from space 6656K, 99% used [0x00000000ed000000,0x00000000ed678740,0x00000000ed680000)
  to   space 14336K, 0% used [0x00000000ec200000,0x00000000ec200000,0x00000000ed000000)
 ParOldGen       total 176640K, used 114014K [0x00000000c0000000, 0x00000000cac80000, 0x00000000eab00000)
  object space 176640K, 64% used [0x00000000c0000000,0x00000000c6f57a10,0x00000000cac80000)
 Metaspace       used 62701K, committed 64000K, reserved 1114112K
  class space    used 6521K, committed 7104K, reserved 1048576K
}
Event: 47.811 GC heap before
{Heap before GC invocations=80 (full 6):
 PSYoungGen      total 30208K, used 30177K [0x00000000eab00000, 0x00000000ee580000, 0x0000000100000000)
  eden space 23552K, 100% used [0x00000000eab00000,0x00000000ec200000,0x00000000ec200000)
  from space 6656K, 99% used [0x00000000ed000000,0x00000000ed678740,0x00000000ed680000)
  to   space 14336K, 0% used [0x00000000ec200000,0x00000000ec200000,0x00000000ed000000)
 ParOldGen       total 176640K, used 114014K [0x00000000c0000000, 0x00000000cac80000, 0x00000000eab00000)
  object space 176640K, 64% used [0x00000000c0000000,0x00000000c6f57a10,0x00000000cac80000)
 Metaspace       used 62782K, committed 64128K, reserved 1114112K
  class space    used 6521K, committed 7104K, reserved 1048576K
}
Event: 48.042 GC heap after
{Heap after GC invocations=80 (full 6):
 PSYoungGen      total 37888K, used 14329K [0x00000000eab00000, 0x00000000ee180000, 0x0000000100000000)
  eden space 23552K, 0% used [0x00000000eab00000,0x00000000eab00000,0x00000000ec200000)
  from space 14336K, 99% used [0x00000000ec200000,0x00000000ecffe748,0x00000000ed000000)
  to   space 15360K, 0% used [0x00000000ed280000,0x00000000ed280000,0x00000000ee180000)
 ParOldGen       total 176640K, used 114137K [0x00000000c0000000, 0x00000000cac80000, 0x00000000eab00000)
  object space 176640K, 64% used [0x00000000c0000000,0x00000000c6f76750,0x00000000cac80000)
 Metaspace       used 62782K, committed 64128K, reserved 1114112K
  class space    used 6521K, committed 7104K, reserved 1048576K
}
Event: 49.989 GC heap before
{Heap before GC invocations=81 (full 6):
 PSYoungGen      total 37888K, used 37881K [0x00000000eab00000, 0x00000000ee180000, 0x0000000100000000)
  eden space 23552K, 100% used [0x00000000eab00000,0x00000000ec200000,0x00000000ec200000)
  from space 14336K, 99% used [0x00000000ec200000,0x00000000ecffe748,0x00000000ed000000)
  to   space 15360K, 0% used [0x00000000ed280000,0x00000000ed280000,0x00000000ee180000)
 ParOldGen       total 176640K, used 114137K [0x00000000c0000000, 0x00000000cac80000, 0x00000000eab00000)
  object space 176640K, 64% used [0x00000000c0000000,0x00000000c6f76750,0x00000000cac80000)
 Metaspace       used 63133K, committed 64384K, reserved 1114112K
  class space    used 6556K, committed 7104K, reserved 1048576K
}
Event: 50.101 GC heap after
{Heap after GC invocations=81 (full 6):
 PSYoungGen      total 35840K, used 10526K [0x00000000eab00000, 0x00000000edd00000, 0x0000000100000000)
  eden space 25088K, 0% used [0x00000000eab00000,0x00000000eab00000,0x00000000ec380000)
  from space 10752K, 97% used [0x00000000ed280000,0x00000000edcc7a68,0x00000000edd00000)
  to   space 12288K, 0% used [0x00000000ec500000,0x00000000ec500000,0x00000000ed100000)
 ParOldGen       total 176640K, used 120277K [0x00000000c0000000, 0x00000000cac80000, 0x00000000eab00000)
  object space 176640K, 68% used [0x00000000c0000000,0x00000000c7575620,0x00000000cac80000)
 Metaspace       used 63133K, committed 64384K, reserved 1114112K
  class space    used 6556K, committed 7104K, reserved 1048576K
}
Event: 51.293 GC heap before
{Heap before GC invocations=82 (full 6):
 PSYoungGen      total 35840K, used 35498K [0x00000000eab00000, 0x00000000edd00000, 0x0000000100000000)
  eden space 25088K, 99% used [0x00000000eab00000,0x00000000ec363060,0x00000000ec380000)
  from space 10752K, 97% used [0x00000000ed280000,0x00000000edcc7a68,0x00000000edd00000)
  to   space 12288K, 0% used [0x00000000ec500000,0x00000000ec500000,0x00000000ed100000)
 ParOldGen       total 176640K, used 120277K [0x00000000c0000000, 0x00000000cac80000, 0x00000000eab00000)
  object space 176640K, 68% used [0x00000000c0000000,0x00000000c7575620,0x00000000cac80000)
 Metaspace       used 63183K, committed 64448K, reserved 1114112K
  class space    used 6556K, committed 7104K, reserved 1048576K
}
Event: 51.312 GC heap after
{Heap after GC invocations=82 (full 6):
 PSYoungGen      total 37376K, used 11208K [0x00000000eab00000, 0x00000000edb80000, 0x0000000100000000)
  eden space 26112K, 0% used [0x00000000eab00000,0x00000000eab00000,0x00000000ec480000)
  from space 11264K, 99% used [0x00000000ec500000,0x00000000ecff2338,0x00000000ed000000)
  to   space 11776K, 0% used [0x00000000ed000000,0x00000000ed000000,0x00000000edb80000)
 ParOldGen       total 176640K, used 120285K [0x00000000c0000000, 0x00000000cac80000, 0x00000000eab00000)
  object space 176640K, 68% used [0x00000000c0000000,0x00000000c7577620,0x00000000cac80000)
 Metaspace       used 63183K, committed 64448K, reserved 1114112K
  class space    used 6556K, committed 7104K, reserved 1048576K
}

